<?xml version="1.0" encoding="UTF-8"?>
<!-- Generated by org.testng.reporters.JUnitReportReporter -->
<testsuite skipped="0" hostname="LAB101FS48S2" name="mvnhome.mvnhome.AppTest" tests="1" failures="0" timestamp="2022-08-17T18:35:27 CAT" time="0.013" errors="0">
  <testcase name="shouldAnswerWithTrue" time="0.013" classname="mvnhome.mvnhome.AppTest"/>
  <system-out/>
</testsuite> <!-- mvnhome.mvnhome.AppTest -->
